# JRE version: Java(TM) SE Runtime Environment (16.0.1+9) (build 16.0.1+9-24)
# Java VM: Java HotSpot(TM) 64-Bit Server VM (16.0.1+9-24, mixed mode, sharing, tiered, compressed oops, compressed class ptrs, g1 gc, windows-amd64)
GC Precious Log:
 CPUs: 12 total, 12 available
 Memory: 16292M
 Large Page Support: Disabled
 NUMA Support: Disabled
 Compressed Oops: Enabled (Zero based)
 Heap Region Size: 2M
 Heap Min Capacity: 8M
 Heap Initial Capacity: 256M
 Heap Max Capacity: 4074M
 Pre-touch: Disabled
 Parallel Workers: 10
 Concurrent Workers: 3
 Concurrent Refinement Workers: 10
 Periodic GC: Disabled
Heap:
 garbage-first heap   total 81920K, used 38575K [0x0000000701600000, 0x0000000800000000)
  region size 2048K, 4 young (8192K), 1 survivors (2048K)
 Metaspace       used 65504K, committed 66048K, reserved 1105920K
  class space    used 8633K, committed 8896K, reserved 1048576K
GC Heap History (20 events):
Event: 1.949 GC heap before
{Heap before GC invocations=10 (full 0):
 garbage-first heap   total 104448K, used 30110K [0x0000000701600000, 0x0000000800000000)
  region size 2048K, 8 young (16384K), 2 survivors (4096K)
 Metaspace       used 35305K, committed 35648K, reserved 1081344K
  class space    used 4870K, committed 5056K, reserved 1048576K
}
Event: 1.950 GC heap after
{Heap after GC invocations=11 (full 0):
 garbage-first heap   total 104448K, used 20513K [0x0000000701600000, 0x0000000800000000)
  region size 2048K, 2 young (4096K), 2 survivors (4096K)
 Metaspace       used 35305K, committed 35648K, reserved 1081344K
  class space    used 4870K, committed 5056K, reserved 1048576K
}
Event: 2.314 GC heap before
{Heap before GC invocations=12 (full 0):
 garbage-first heap   total 81920K, used 65569K [0x0000000701600000, 0x0000000800000000)
  region size 2048K, 24 young (49152K), 2 survivors (4096K)
 Metaspace       used 44162K, committed 44544K, reserved 1089536K
  class space    used 6119K, committed 6272K, reserved 1048576K
}
Event: 2.317 GC heap after
{Heap after GC invocations=13 (full 0):
 garbage-first heap   total 81920K, used 22777K [0x0000000701600000, 0x0000000800000000)
  region size 2048K, 3 young (6144K), 3 survivors (6144K)
 Metaspace       used 44162K, committed 44544K, reserved 1089536K
  class space    used 6119K, committed 6272K, reserved 1048576K
}
Event: 2.606 GC heap before
{Heap before GC invocations=14 (full 0):
 garbage-first heap   total 81920K, used 61689K [0x0000000701600000, 0x0000000800000000)
  region size 2048K, 22 young (45056K), 3 survivors (6144K)
 Metaspace       used 49165K, committed 49600K, reserved 1097728K
  class space    used 6809K, committed 7040K, reserved 1048576K
}
Event: 2.609 GC heap after
{Heap after GC invocations=15 (full 0):
 garbage-first heap   total 81920K, used 25674K [0x0000000701600000, 0x0000000800000000)
  region size 2048K, 3 young (6144K), 3 survivors (6144K)
 Metaspace       used 49165K, committed 49600K, reserved 1097728K
  class space    used 6809K, committed 7040K, reserved 1048576K
}
Event: 2.769 GC heap before
{Heap before GC invocations=15 (full 0):
 garbage-first heap   total 81920K, used 62538K [0x0000000701600000, 0x0000000800000000)
  region size 2048K, 21 young (43008K), 3 survivors (6144K)
 Metaspace       used 50843K, committed 51328K, reserved 1097728K
  class space    used 7041K, committed 7296K, reserved 1048576K
}
Event: 2.771 GC heap after
{Heap after GC invocations=16 (full 0):
 garbage-first heap   total 81920K, used 27369K [0x0000000701600000, 0x0000000800000000)
  region size 2048K, 3 young (6144K), 3 survivors (6144K)
 Metaspace       used 50843K, committed 51328K, reserved 1097728K
  class space    used 7041K, committed 7296K, reserved 1048576K
}
Event: 7.269 GC heap before
{Heap before GC invocations=16 (full 0):
 garbage-first heap   total 81920K, used 64233K [0x0000000701600000, 0x0000000800000000)
  region size 2048K, 21 young (43008K), 3 survivors (6144K)
 Metaspace       used 54268K, committed 54784K, reserved 1097728K
  class space    used 7532K, committed 7808K, reserved 1048576K
}
Event: 7.272 GC heap after
{Heap after GC invocations=17 (full 0):
 garbage-first heap   total 81920K, used 30250K [0x0000000701600000, 0x0000000800000000)
  region size 2048K, 3 young (6144K), 3 survivors (6144K)
 Metaspace       used 54268K, committed 54784K, reserved 1097728K
  class space    used 7532K, committed 7808K, reserved 1048576K
}
Event: 8.933 GC heap before
{Heap before GC invocations=17 (full 0):
 garbage-first heap   total 81920K, used 58922K [0x0000000701600000, 0x0000000800000000)
  region size 2048K, 18 young (36864K), 3 survivors (6144K)
 Metaspace       used 60488K, committed 60992K, reserved 1105920K
  class space    used 8066K, committed 8320K, reserved 1048576K
}
Event: 8.937 GC heap after
{Heap after GC invocations=18 (full 0):
 garbage-first heap   total 81920K, used 32424K [0x0000000701600000, 0x0000000800000000)
  region size 2048K, 3 young (6144K), 3 survivors (6144K)
 Metaspace       used 60488K, committed 60992K, reserved 1105920K
  class space    used 8066K, committed 8320K, reserved 1048576K
}
Event: 9.257 GC heap before
{Heap before GC invocations=18 (full 0):
 garbage-first heap   total 81920K, used 61096K [0x0000000701600000, 0x0000000800000000)
  region size 2048K, 18 young (36864K), 3 survivors (6144K)
 Metaspace       used 62626K, committed 63104K, reserved 1105920K
  class space    used 8264K, committed 8512K, reserved 1048576K
}
Event: 9.259 GC heap after
{Heap after GC invocations=19 (full 0):
 garbage-first heap   total 81920K, used 33193K [0x0000000701600000, 0x0000000800000000)
  region size 2048K, 2 young (4096K), 2 survivors (4096K)
 Metaspace       used 62626K, committed 63104K, reserved 1105920K
  class space    used 8264K, committed 8512K, reserved 1048576K
}
Event: 18.783 GC heap before
{Heap before GC invocations=19 (full 0):
 garbage-first heap   total 81920K, used 61865K [0x0000000701600000, 0x0000000800000000)
  region size 2048K, 17 young (34816K), 2 survivors (4096K)
 Metaspace       used 64262K, committed 64768K, reserved 1105920K
  class space    used 8466K, committed 8704K, reserved 1048576K
}
Event: 18.785 GC heap after
{Heap after GC invocations=20 (full 0):
 garbage-first heap   total 81920K, used 34190K [0x0000000701600000, 0x0000000800000000)
  region size 2048K, 3 young (6144K), 3 survivors (6144K)
 Metaspace       used 64262K, committed 64768K, reserved 1105920K
  class space    used 8466K, committed 8704K, reserved 1048576K
}
Event: 18.909 GC heap before
{Heap before GC invocations=20 (full 0):
 garbage-first heap   total 81920K, used 60814K [0x0000000701600000, 0x0000000800000000)
  region size 2048K, 17 young (34816K), 3 survivors (6144K)
 Metaspace       used 64500K, committed 64960K, reserved 1105920K
  class space    used 8499K, committed 8704K, reserved 1048576K
}
Event: 18.911 GC heap after
{Heap after GC invocations=21 (full 0):
 garbage-first heap   total 81920K, used 37441K [0x0000000701600000, 0x0000000800000000)
  region size 2048K, 3 young (6144K), 3 survivors (6144K)
 Metaspace       used 64500K, committed 64960K, reserved 1105920K
  class space    used 8499K, committed 8704K, reserved 1048576K
}
Event: 39.308 GC heap before
{Heap before GC invocations=21 (full 0):
 garbage-first heap   total 81920K, used 62017K [0x0000000701600000, 0x0000000800000000)
  region size 2048K, 15 young (30720K), 3 survivors (6144K)
 Metaspace       used 65051K, committed 65600K, reserved 1105920K
  class space    used 8569K, committed 8832K, reserved 1048576K
}
Event: 39.309 GC heap after
{Heap after GC invocations=22 (full 0):
 garbage-first heap   total 81920K, used 34479K [0x0000000701600000, 0x0000000800000000)
  region size 2048K, 1 young (2048K), 1 survivors (2048K)
 Metaspace       used 65051K, committed 65600K, reserved 1105920K
  class space    used 8569K, committed 8832K, reserved 1048576K
}

